1.7885 	WARNING 	We strongly recommend you activate the PTB sound engine in PsychoPy prefs as the preferred audio engine. Its timing is vastly superior. Your prefs are currently set to use ['sounddevice', 'PTB', 'pyo', 'pygame'] (in that order).
10.1430 	EXP 	Created window1 = Window(allowGUI=True, allowStencil=False, autoLog=True, backendConf=UNKNOWN, bitsMode=UNKNOWN, blendMode='avg', bpc=(8, 8, 8), color=array([0, 0, 0]), colorSpace='rgb', depthBits=8, fullscr=<method-wrapper '__getattribute__' of attributeSetter object at 0x000001BA2E12FAC0>, gamma=None, gammaErrorPolicy='raise', lms=UNKNOWN, monitor=<psychopy.monitors.calibTools.Monitor object at 0x000001BA2CEB8E80>, multiSample=False, name='window1', numSamples=2, pos=(0, 0), screen=0, size=array([1920, 1080]), stencilBits=0, stereo=False, units='height', useFBO=True, useRetina=False, viewOri=0.0, viewPos=None, viewScale=None, waitBlanking=True, winType='pyglet')
10.1431 	EXP 	window1: mouseVisible = True
10.1431 	EXP 	window1: Attempting to measure frame rate of screen (0) ...
10.1432 	EXP 	window1: recordFrameIntervals = False
10.3095 	EXP 	window1: recordFrameIntervals = True
10.4933 	EXP 	Screen (0) actual frame rate measured at 59.92Hz
10.4933 	EXP 	window1: recordFrameIntervals = False
10.5777 	WARNING 	launchHubServer: If using the iohub mouse or eyetracker devices, fullScr should be True.
12.7733 	EXP 	Created cue = ImageStim(__class__=<class 'psychopy.visual.image.ImageStim'>, anchor=('center', 'center'), autoLog=True, color=array([1., 1., 1.]), colorSpace='rgb', contrast=1.0, depth=0.0, flipHoriz=False, flipVert=False, image='sin', interpolate=True, mask=None, maskParams=None, name='cue', opacity=1.0, ori=0.0, pos=array([0., 0.]), size=array([0.5, 0.5]), texRes=128.0, units='height', win=Window(...))
12.7805 	EXP 	Created target = ImageStim(__class__=<class 'psychopy.visual.image.ImageStim'>, anchor=('center', 'center'), autoLog=True, color=array([1., 1., 1.]), colorSpace='rgb', contrast=1.0, depth=-1.0, flipHoriz=False, flipVert=False, image='images/target.png', interpolate=True, mask=None, maskParams=None, name='target', opacity=1.0, ori=0.0, pos=array([0., 0.]), size=array([0.5, 0.5]), texRes=128.0, units='height', win=Window(...))
12.7806 	EXP 	window1: mouseVisible = True
12.8466 	EXP 	Created feedbackTxt = TextStim(__class__=<class 'psychopy.visual.text.TextStim'>, alignHoriz=method-wrapper(...), alignText='center', alignVert=method-wrapper(...), anchorHoriz='center', anchorVert='center', antialias=True, autoDraw=False, autoLog=True, bold=False, color=array([1., 1., 1.]), colorSpace='rgb', contrast=1.0, depth=0.0, flipHoriz=False, flipVert=False, font='Open Sans', fontFiles=[], height=0.05, italic=False, languageStyle='LTR', name='feedbackTxt', opacity=1.0, ori=0.0, pos=array([0., 0.]), rgb=UNKNOWN, text='', units='height', win=Window(...), wrapWidth=1)
12.8536 	EXP 	Imported C:/Users/kerry/Documents/Kyle Files/PsychoPyProjects/posnerFiles/conditions.xlsx as conditions, 10 conditions, 3 params
12.8542 	EXP 	Created sequence: random, trialTypes=10, nReps=2, seed=None
12.8544 	EXP 	New trial (rep=0, index=0): {'cue_file': 'C:/Users/kerry/Documents/Kyle Files/PsychoPyProjects/posnerFiles/images/arrow_right.png', 'target_x': -0.5, 'is_valid': 'invalid'}
12.8800 	EXP 	cue: image = 'C:/Users/kerry/Documents/Kyle Files/PsychoPyProjects/posnerFiles/images/arrow_right.png'
12.8800 	EXP 	cue: autoDraw = True
13.5633 	EXP 	target: autoDraw = True
13.5794 	EXP 	cue: autoDraw = False
14.3480 	DATA 	Mouse: Left button down, pos=(494,520)
14.4960 	DATA 	Mouse:  Left button up, pos=(494,520)
14.5146 	EXP 	cue: autoDraw = False
14.5146 	EXP 	target: autoDraw = False
14.5146 	EXP 	feedbackTxt: height = 0.05
14.5146 	EXP 	feedbackTxt: height = 0.05
14.5146 	EXP 	feedbackTxt: height = 0.05
14.5146 	EXP 	feedbackTxt: text = 'RT was: 0.7848413000028813'
14.5146 	EXP 	feedbackTxt: autoDraw = True
15.3650 	EXP 	New trial (rep=0, index=1): {'cue_file': 'C:/Users/kerry/Documents/Kyle Files/PsychoPyProjects/posnerFiles/images/arrow_left.png', 'target_x': -0.5, 'is_valid': 'valid'}
15.3827 	EXP 	feedbackTxt: autoDraw = False
15.3827 	EXP 	cue: image = 'C:/Users/kerry/Documents/Kyle Files/PsychoPyProjects/posnerFiles/images/arrow_left.png'
15.3827 	EXP 	cue: autoDraw = True
16.0657 	EXP 	target: autoDraw = True
16.0820 	EXP 	cue: autoDraw = False
16.3850 	DATA 	Mouse: Left button down, pos=(453,513)
16.4167 	EXP 	cue: autoDraw = False
16.4167 	EXP 	target: autoDraw = False
16.4167 	EXP 	feedbackTxt: height = 0.05
16.4167 	EXP 	feedbackTxt: height = 0.05
16.4167 	EXP 	feedbackTxt: height = 0.05
16.4167 	EXP 	feedbackTxt: text = 'RT was: 0.3335963999998057'
16.4167 	EXP 	feedbackTxt: autoDraw = True
16.4841 	DATA 	Mouse:  Left button up, pos=(453,513)
17.4004 	EXP 	New trial (rep=0, index=2): {'cue_file': 'C:/Users/kerry/Documents/Kyle Files/PsychoPyProjects/posnerFiles/images/arrow_left.png', 'target_x': -0.5, 'is_valid': 'valid'}
17.4183 	EXP 	feedbackTxt: autoDraw = False
17.4183 	EXP 	feedbackTxt: autoDraw = False
17.4183 	EXP 	cue: image = 'C:/Users/kerry/Documents/Kyle Files/PsychoPyProjects/posnerFiles/images/arrow_left.png'
17.4183 	EXP 	cue: autoDraw = True
18.1013 	EXP 	target: autoDraw = True
18.1174 	EXP 	cue: autoDraw = False
18.4516 	DATA 	Mouse: Left button down, pos=(443,585)
18.4682 	EXP 	cue: autoDraw = False
18.4682 	EXP 	target: autoDraw = False
18.4682 	EXP 	feedbackTxt: height = 0.05
18.4682 	EXP 	feedbackTxt: height = 0.05
18.4682 	EXP 	feedbackTxt: height = 0.05
18.4682 	EXP 	feedbackTxt: text = 'RT was: 0.35038279999571387'
18.4682 	EXP 	feedbackTxt: autoDraw = True
18.5531 	DATA 	Mouse:  Left button up, pos=(443,585)
19.4528 	EXP 	New trial (rep=0, index=3): {'cue_file': 'C:/Users/kerry/Documents/Kyle Files/PsychoPyProjects/posnerFiles/images/arrow_right.png', 'target_x': 0.5, 'is_valid': 'valid'}
19.4699 	EXP 	feedbackTxt: autoDraw = False
19.4699 	EXP 	feedbackTxt: autoDraw = False
19.4699 	EXP 	cue: image = 'C:/Users/kerry/Documents/Kyle Files/PsychoPyProjects/posnerFiles/images/arrow_right.png'
19.4699 	EXP 	cue: autoDraw = True
20.1542 	EXP 	target: autoDraw = True
20.1700 	EXP 	cue: autoDraw = False
20.3877 	DATA 	Mouse: Left button down, pos=(1421,596)
20.4030 	EXP 	cue: autoDraw = False
20.4030 	EXP 	target: autoDraw = False
20.4030 	EXP 	feedbackTxt: height = 0.05
20.4030 	EXP 	feedbackTxt: height = 0.05
20.4030 	EXP 	feedbackTxt: height = 0.05
20.4030 	EXP 	feedbackTxt: text = 'RT was: 0.23354370000015479'
20.4030 	EXP 	feedbackTxt: autoDraw = True
20.4723 	DATA 	Mouse:  Left button up, pos=(1420,596)
21.3887 	EXP 	New trial (rep=0, index=4): {'cue_file': 'C:/Users/kerry/Documents/Kyle Files/PsychoPyProjects/posnerFiles/images/arrow_left.png', 'target_x': 0.5, 'is_valid': 'invalid'}
21.4057 	EXP 	feedbackTxt: autoDraw = False
21.4057 	EXP 	feedbackTxt: autoDraw = False
21.4057 	EXP 	cue: image = 'C:/Users/kerry/Documents/Kyle Files/PsychoPyProjects/posnerFiles/images/arrow_left.png'
21.4057 	EXP 	cue: autoDraw = True
22.0569 	DATA 	Mouse: Left button down, pos=(405,548)
22.0887 	EXP 	target: autoDraw = True
22.1047 	EXP 	cue: autoDraw = False
22.1396 	DATA 	Mouse:  Left button up, pos=(405,548)
22.5723 	DATA 	Mouse: Left button down, pos=(1656,708)
22.5890 	EXP 	cue: autoDraw = False
22.5890 	EXP 	target: autoDraw = False
22.5890 	EXP 	feedbackTxt: height = 0.05
22.5890 	EXP 	feedbackTxt: height = 0.05
22.5890 	EXP 	feedbackTxt: height = 0.05
22.5890 	EXP 	feedbackTxt: text = 'RT was: 0.0002905000001192093'
22.5890 	EXP 	feedbackTxt: autoDraw = True
22.6742 	DATA 	Mouse:  Left button up, pos=(1654,710)
23.5736 	EXP 	New trial (rep=0, index=5): {'cue_file': 'C:/Users/kerry/Documents/Kyle Files/PsychoPyProjects/posnerFiles/images/arrow_left.png', 'target_x': -0.5, 'is_valid': 'valid'}
23.5909 	EXP 	feedbackTxt: autoDraw = False
23.5909 	EXP 	feedbackTxt: autoDraw = False
23.5909 	EXP 	cue: image = 'C:/Users/kerry/Documents/Kyle Files/PsychoPyProjects/posnerFiles/images/arrow_left.png'
23.5909 	EXP 	cue: autoDraw = True
24.2738 	EXP 	target: autoDraw = True
24.2903 	EXP 	cue: autoDraw = False
24.5243 	DATA 	Mouse: Left button down, pos=(536,538)
24.5404 	EXP 	cue: autoDraw = False
24.5404 	EXP 	target: autoDraw = False
24.5404 	EXP 	feedbackTxt: height = 0.05
24.5404 	EXP 	feedbackTxt: height = 0.05
24.5404 	EXP 	feedbackTxt: height = 0.05
24.5404 	EXP 	feedbackTxt: text = 'RT was: 0.2506766000005882'
24.5404 	EXP 	feedbackTxt: autoDraw = True
24.5923 	DATA 	Mouse:  Left button up, pos=(536,538)
25.5256 	EXP 	New trial (rep=0, index=6): {'cue_file': 'C:/Users/kerry/Documents/Kyle Files/PsychoPyProjects/posnerFiles/images/arrow_left.png', 'target_x': -0.5, 'is_valid': 'valid'}
25.5432 	EXP 	feedbackTxt: autoDraw = False
25.5432 	EXP 	feedbackTxt: autoDraw = False
25.5432 	EXP 	cue: image = 'C:/Users/kerry/Documents/Kyle Files/PsychoPyProjects/posnerFiles/images/arrow_left.png'
25.5432 	EXP 	cue: autoDraw = True
26.2260 	EXP 	target: autoDraw = True
26.2421 	EXP 	cue: autoDraw = False
26.4769 	DATA 	Mouse: Left button down, pos=(599,532)
26.4923 	EXP 	cue: autoDraw = False
26.4923 	EXP 	target: autoDraw = False
26.4923 	EXP 	feedbackTxt: height = 0.05
26.4923 	EXP 	feedbackTxt: height = 0.05
26.4923 	EXP 	feedbackTxt: height = 0.05
26.4923 	EXP 	feedbackTxt: text = 'RT was: 0.2510430999973323'
26.4923 	EXP 	feedbackTxt: autoDraw = True
26.5442 	DATA 	Mouse:  Left button up, pos=(599,532)
27.4772 	EXP 	New trial (rep=0, index=7): {'cue_file': 'C:/Users/kerry/Documents/Kyle Files/PsychoPyProjects/posnerFiles/images/arrow_right.png', 'target_x': 0.5, 'is_valid': 'valid'}
27.4949 	EXP 	feedbackTxt: autoDraw = False
27.4949 	EXP 	feedbackTxt: autoDraw = False
27.4949 	EXP 	cue: image = 'C:/Users/kerry/Documents/Kyle Files/PsychoPyProjects/posnerFiles/images/arrow_right.png'
27.4949 	EXP 	cue: autoDraw = True
28.1780 	EXP 	target: autoDraw = True
28.1942 	EXP 	cue: autoDraw = False
28.3614 	DATA 	Mouse: Left button down, pos=(1438,574)
28.3780 	EXP 	cue: autoDraw = False
28.3780 	EXP 	target: autoDraw = False
28.3780 	EXP 	feedbackTxt: height = 0.05
28.3780 	EXP 	feedbackTxt: height = 0.05
28.3780 	EXP 	feedbackTxt: height = 0.05
28.3780 	EXP 	feedbackTxt: text = 'RT was: 0.18355469999369234'
28.3780 	EXP 	feedbackTxt: autoDraw = True
28.4460 	DATA 	Mouse:  Left button up, pos=(1437,574)
29.3623 	EXP 	New trial (rep=0, index=8): {'cue_file': 'C:/Users/kerry/Documents/Kyle Files/PsychoPyProjects/posnerFiles/images/arrow_right.png', 'target_x': 0.5, 'is_valid': 'valid'}
29.3798 	EXP 	feedbackTxt: autoDraw = False
29.3798 	EXP 	feedbackTxt: autoDraw = False
29.3798 	EXP 	cue: image = 'C:/Users/kerry/Documents/Kyle Files/PsychoPyProjects/posnerFiles/images/arrow_right.png'
29.3798 	EXP 	cue: autoDraw = True
29.9472 	DATA 	Mouse: Left button down, pos=(1319,528)
30.0306 	DATA 	Mouse:  Left button up, pos=(1292,531)
30.0628 	EXP 	target: autoDraw = True
30.0794 	EXP 	cue: autoDraw = False
30.6972 	DATA 	Mouse: Left button down, pos=(1399,529)
30.7136 	EXP 	cue: autoDraw = False
30.7136 	EXP 	target: autoDraw = False
30.7136 	EXP 	feedbackTxt: height = 0.05
30.7136 	EXP 	feedbackTxt: height = 0.05
30.7136 	EXP 	feedbackTxt: height = 0.05
30.7136 	EXP 	feedbackTxt: text = 'RT was: 0.634538700003759'
30.7136 	EXP 	feedbackTxt: autoDraw = True
30.7655 	DATA 	Mouse:  Left button up, pos=(1399,529)
31.6983 	EXP 	New trial (rep=0, index=9): {'cue_file': 'C:/Users/kerry/Documents/Kyle Files/PsychoPyProjects/posnerFiles/images/arrow_right.png', 'target_x': 0.5, 'is_valid': 'valid'}
31.7155 	EXP 	feedbackTxt: autoDraw = False
31.7155 	EXP 	feedbackTxt: autoDraw = False
31.7155 	EXP 	cue: image = 'C:/Users/kerry/Documents/Kyle Files/PsychoPyProjects/posnerFiles/images/arrow_right.png'
31.7155 	EXP 	cue: autoDraw = True
32.3986 	EXP 	target: autoDraw = True
32.4150 	EXP 	cue: autoDraw = False
32.6330 	DATA 	Mouse: Left button down, pos=(1337,538)
32.6485 	EXP 	cue: autoDraw = False
32.6485 	EXP 	target: autoDraw = False
32.6485 	EXP 	feedbackTxt: height = 0.05
32.6485 	EXP 	feedbackTxt: height = 0.05
32.6485 	EXP 	feedbackTxt: height = 0.05
32.6485 	EXP 	feedbackTxt: text = 'RT was: 0.2345191999920644'
32.6485 	EXP 	feedbackTxt: autoDraw = True
32.7171 	DATA 	Mouse:  Left button up, pos=(1337,538)
33.6342 	EXP 	New trial (rep=1, index=0): {'cue_file': 'C:/Users/kerry/Documents/Kyle Files/PsychoPyProjects/posnerFiles/images/arrow_left.png', 'target_x': -0.5, 'is_valid': 'valid'}
33.6502 	EXP 	feedbackTxt: autoDraw = False
33.6502 	EXP 	feedbackTxt: autoDraw = False
33.6502 	EXP 	cue: image = 'C:/Users/kerry/Documents/Kyle Files/PsychoPyProjects/posnerFiles/images/arrow_left.png'
33.6502 	EXP 	cue: autoDraw = True
34.3336 	EXP 	target: autoDraw = True
34.3508 	EXP 	cue: autoDraw = False
34.7687 	DATA 	Mouse: Left button down, pos=(422,469)
34.7843 	EXP 	cue: autoDraw = False
34.7843 	EXP 	target: autoDraw = False
34.7843 	EXP 	feedbackTxt: height = 0.05
34.7843 	EXP 	feedbackTxt: height = 0.05
34.7843 	EXP 	feedbackTxt: height = 0.05
34.7843 	EXP 	feedbackTxt: text = 'RT was: 0.43525619999854825'
34.7843 	EXP 	feedbackTxt: autoDraw = True
34.8528 	DATA 	Mouse:  Left button up, pos=(422,469)
35.7688 	EXP 	New trial (rep=1, index=1): {'cue_file': 'C:/Users/kerry/Documents/Kyle Files/PsychoPyProjects/posnerFiles/images/arrow_left.png', 'target_x': 0.5, 'is_valid': 'invalid'}
35.7857 	EXP 	feedbackTxt: autoDraw = False
35.7857 	EXP 	feedbackTxt: autoDraw = False
35.7857 	EXP 	cue: image = 'C:/Users/kerry/Documents/Kyle Files/PsychoPyProjects/posnerFiles/images/arrow_left.png'
35.7857 	EXP 	cue: autoDraw = True
35.9029 	DATA 	Keypress: escape
36.5165 	EXP 	window1: mouseVisible = True
